<?xml version="1.0" encoding="UTF-8"?>
<testng-results ignored="0" total="1" passed="1" failed="0" skipped="0">
  <reporter-output>
  </reporter-output>
  <suite started-at="2022-08-22T20:08:11 AST" name="Default suite" finished-at="2022-08-22T20:08:25 AST" duration-ms="14877">
    <groups>
    </groups>
    <test started-at="2022-08-22T20:08:11 AST" name="Default test" finished-at="2022-08-22T20:08:25 AST" duration-ms="14877">
      <class name="ass4W11D3.AlertsinAndroidTesting.TestAss4W11D3">
        <test-method is-config="true" signature="setUp()[pri:0, instance:ass4W11D3.AlertsinAndroidTesting.TestAss4W11D3@59662a0b]" started-at="2022-08-22T20:08:01 AST" name="setUp" finished-at="2022-08-22T20:08:11 AST" duration-ms="9793" status="PASS">
          <reporter-output>
          </reporter-output>
        </test-method> <!-- setUp -->
        <test-method is-config="true" signature="location()[pri:0, instance:ass4W11D3.AlertsinAndroidTesting.TestAss4W11D3@59662a0b]" started-at="2022-08-22T20:08:11 AST" name="location" finished-at="2022-08-22T20:08:18 AST" duration-ms="7743" status="PASS">
          <reporter-output>
          </reporter-output>
        </test-method> <!-- location -->
        <test-method signature="sendKeyTest()[pri:0, instance:ass4W11D3.AlertsinAndroidTesting.TestAss4W11D3@59662a0b]" started-at="2022-08-22T20:08:18 AST" name="sendKeyTest" finished-at="2022-08-22T20:08:25 AST" duration-ms="6706" status="PASS">
          <reporter-output>
          </reporter-output>
        </test-method> <!-- sendKeyTest -->
        <test-method is-config="true" signature="tearDown()[pri:0, instance:ass4W11D3.AlertsinAndroidTesting.TestAss4W11D3@59662a0b]" started-at="2022-08-22T20:08:25 AST" name="tearDown" finished-at="2022-08-22T20:08:25 AST" duration-ms="410" status="PASS">
          <reporter-output>
          </reporter-output>
        </test-method> <!-- tearDown -->
      </class> <!-- ass4W11D3.AlertsinAndroidTesting.TestAss4W11D3 -->
    </test> <!-- Default test -->
  </suite> <!-- Default suite -->
</testng-results>
